cl : command line warning D9035: option 'Gm' has been deprecated and will be removed in a future release
  scene.cpp
C:\sandbox\digipen_portfolio\Year 2\Trimester 3\CS350 - Spartial Data Structure\cs350_assignment4\scene.cpp(56,28): warning C4305: 'initializing': truncation from 'double' to 'float'
C:\sandbox\digipen_portfolio\Year 2\Trimester 3\CS350 - Spartial Data Structure\cs350_assignment4\scene.cpp(57,35): warning C4305: 'initializing': truncation from 'double' to 'float'
C:\sandbox\digipen_portfolio\Year 2\Trimester 3\CS350 - Spartial Data Structure\cs350_assignment4\scene.cpp(126,25): warning C4244: '=': conversion from 'double' to 'float', possible loss of data
C:\sandbox\digipen_portfolio\Year 2\Trimester 3\CS350 - Spartial Data Structure\cs350_assignment4\scene.cpp(131,10): warning C4305: '=': truncation from 'double' to 'float'
C:\sandbox\digipen_portfolio\Year 2\Trimester 3\CS350 - Spartial Data Structure\cs350_assignment4\scene.cpp(192,36): warning C4244: 'argument': conversion from 'double' to 'const float', possible loss of data
C:\sandbox\digipen_portfolio\Year 2\Trimester 3\CS350 - Spartial Data Structure\cs350_assignment4\scene.cpp(193,12): warning C4244: 'initializing': conversion from 'double' to 'float', possible loss of data
C:\sandbox\digipen_portfolio\Year 2\Trimester 3\CS350 - Spartial Data Structure\cs350_assignment4\scene.cpp(194,12): warning C4244: 'initializing': conversion from 'double' to 'float', possible loss of data
C:\sandbox\digipen_portfolio\Year 2\Trimester 3\CS350 - Spartial Data Structure\cs350_assignment4\scene.cpp(200,50): warning C4244: '=': conversion from 'double' to 'T', possible loss of data
          with
          [
              T=float
          ]
C:\sandbox\digipen_portfolio\Year 2\Trimester 3\CS350 - Spartial Data Structure\cs350_assignment4\scene.cpp(391,12): warning C4244: 'initializing': conversion from 'double' to 'float', possible loss of data
C:\sandbox\digipen_portfolio\Year 2\Trimester 3\CS350 - Spartial Data Structure\cs350_assignment4\scene.cpp(415,54): warning C4244: '=': conversion from 'double' to 'T', possible loss of data
          with
          [
              T=float
          ]
C:\sandbox\digipen_portfolio\Year 2\Trimester 3\CS350 - Spartial Data Structure\cs350_assignment4\scene.cpp(970,18): warning C4018: '<': signed/unsigned mismatch
  framework.vcxproj -> C:\sandbox\digipen_portfolio\Year 2\Trimester 3\CS350 - Spartial Data Structure\cs350_assignment4\Debug\framework.exe
  0 File(s) copied
