c:\sandbox\digipen_portfolio\year 2\trimester 3\cs350 - spartial data structure\cs350_assignment4\debug\fbo.obj
c:\sandbox\digipen_portfolio\year 2\trimester 3\cs350 - spartial data structure\cs350_assignment4\debug\framework.obj
c:\sandbox\digipen_portfolio\year 2\trimester 3\cs350 - spartial data structure\cs350_assignment4\debug\geomlib-advanced.obj
c:\sandbox\digipen_portfolio\year 2\trimester 3\cs350 - spartial data structure\cs350_assignment4\debug\imgui_impl_glfw.obj
c:\sandbox\digipen_portfolio\year 2\trimester 3\cs350 - spartial data structure\cs350_assignment4\debug\imgui_impl_opengl3.obj
c:\sandbox\digipen_portfolio\year 2\trimester 3\cs350 - spartial data structure\cs350_assignment4\debug\imgui.obj
c:\sandbox\digipen_portfolio\year 2\trimester 3\cs350 - spartial data structure\cs350_assignment4\debug\imgui_demo.obj
c:\sandbox\digipen_portfolio\year 2\trimester 3\cs350 - spartial data structure\cs350_assignment4\debug\imgui_draw.obj
c:\sandbox\digipen_portfolio\year 2\trimester 3\cs350 - spartial data structure\cs350_assignment4\debug\imgui_widgets.obj
c:\sandbox\digipen_portfolio\year 2\trimester 3\cs350 - spartial data structure\cs350_assignment4\debug\interact.obj
c:\sandbox\digipen_portfolio\year 2\trimester 3\cs350 - spartial data structure\cs350_assignment4\debug\object.obj
c:\sandbox\digipen_portfolio\year 2\trimester 3\cs350 - spartial data structure\cs350_assignment4\debug\scene.obj
c:\sandbox\digipen_portfolio\year 2\trimester 3\cs350 - spartial data structure\cs350_assignment4\debug\shader.obj
c:\sandbox\digipen_portfolio\year 2\trimester 3\cs350 - spartial data structure\cs350_assignment4\debug\shapes.obj
c:\sandbox\digipen_portfolio\year 2\trimester 3\cs350 - spartial data structure\cs350_assignment4\debug\simplexnoise.obj
c:\sandbox\digipen_portfolio\year 2\trimester 3\cs350 - spartial data structure\cs350_assignment4\debug\texture.obj
c:\sandbox\digipen_portfolio\year 2\trimester 3\cs350 - spartial data structure\cs350_assignment4\debug\transform.obj
c:\sandbox\digipen_portfolio\year 2\trimester 3\cs350 - spartial data structure\cs350_assignment4\debug\vc142.pdb
c:\sandbox\digipen_portfolio\year 2\trimester 3\cs350 - spartial data structure\cs350_assignment4\debug\framework.ilk
c:\sandbox\digipen_portfolio\year 2\trimester 3\cs350 - spartial data structure\cs350_assignment4\debug\vc142.idb
c:\sandbox\digipen_portfolio\year 2\trimester 3\cs350 - spartial data structure\cs350_assignment4\debug\framework.pdb
c:\sandbox\digipen_portfolio\year 2\trimester 3\cs350 - spartial data structure\cs350_assignment4\debug\framework.tlog\cl.command.1.tlog
c:\sandbox\digipen_portfolio\year 2\trimester 3\cs350 - spartial data structure\cs350_assignment4\debug\framework.tlog\cl.read.1.tlog
c:\sandbox\digipen_portfolio\year 2\trimester 3\cs350 - spartial data structure\cs350_assignment4\debug\framework.tlog\cl.write.1.tlog
c:\sandbox\digipen_portfolio\year 2\trimester 3\cs350 - spartial data structure\cs350_assignment4\debug\framework.tlog\link.command.1.tlog
c:\sandbox\digipen_portfolio\year 2\trimester 3\cs350 - spartial data structure\cs350_assignment4\debug\framework.tlog\link.read.1.tlog
c:\sandbox\digipen_portfolio\year 2\trimester 3\cs350 - spartial data structure\cs350_assignment4\debug\framework.tlog\link.write.1.tlog
