cl : command line warning D9035: option 'Gm' has been deprecated and will be removed in a future release
  scene.cpp
C:\sandbox\digipen_portfolio\Year 2\Trimester 3\CS350 - Spartial Data Structure\cs350_assignment2\scene.cpp(56,28): warning C4305: 'initializing': truncation from 'double' to 'float'
C:\sandbox\digipen_portfolio\Year 2\Trimester 3\CS350 - Spartial Data Structure\cs350_assignment2\scene.cpp(57,35): warning C4305: 'initializing': truncation from 'double' to 'float'
C:\sandbox\digipen_portfolio\Year 2\Trimester 3\CS350 - Spartial Data Structure\cs350_assignment2\scene.cpp(112,28): warning C4244: '=': conversion from 'double' to 'float', possible loss of data
C:\sandbox\digipen_portfolio\Year 2\Trimester 3\CS350 - Spartial Data Structure\cs350_assignment2\scene.cpp(117,13): warning C4305: '=': truncation from 'double' to 'float'
C:\sandbox\digipen_portfolio\Year 2\Trimester 3\CS350 - Spartial Data Structure\cs350_assignment2\scene.cpp(178,46): warning C4244: 'argument': conversion from 'double' to 'const float', possible loss of data
C:\sandbox\digipen_portfolio\Year 2\Trimester 3\CS350 - Spartial Data Structure\cs350_assignment2\scene.cpp(179,21): warning C4244: 'initializing': conversion from 'double' to 'float', possible loss of data
C:\sandbox\digipen_portfolio\Year 2\Trimester 3\CS350 - Spartial Data Structure\cs350_assignment2\scene.cpp(180,21): warning C4244: 'initializing': conversion from 'double' to 'float', possible loss of data
C:\sandbox\digipen_portfolio\Year 2\Trimester 3\CS350 - Spartial Data Structure\cs350_assignment2\scene.cpp(186,59): warning C4244: '=': conversion from 'double' to 'T', possible loss of data
          with
          [
              T=float
          ]
C:\sandbox\digipen_portfolio\Year 2\Trimester 3\CS350 - Spartial Data Structure\cs350_assignment2\scene.cpp(309,15): warning C4244: 'initializing': conversion from 'double' to 'float', possible loss of data
C:\sandbox\digipen_portfolio\Year 2\Trimester 3\CS350 - Spartial Data Structure\cs350_assignment2\scene.cpp(327,57): warning C4244: '=': conversion from 'double' to 'T', possible loss of data
          with
          [
              T=float
          ]
  Generating Code...
  Skipping... (no relevant changes detected)
  object.cpp
  interact.cpp
  framework.cpp
  framework.vcxproj -> C:\sandbox\digipen_portfolio\Year 2\Trimester 3\CS350 - Spartial Data Structure\cs350_assignment2\Debug\framework.exe
  0 File(s) copied
