c:\sandbox\digipen_portfolio\year 2\trimester 3\cs350 - spartial data structure\cs350_assignment2\release\vc142.pdb
c:\sandbox\digipen_portfolio\year 2\trimester 3\cs350 - spartial data structure\cs350_assignment2\release\transform.obj
c:\sandbox\digipen_portfolio\year 2\trimester 3\cs350 - spartial data structure\cs350_assignment2\release\texture.obj
c:\sandbox\digipen_portfolio\year 2\trimester 3\cs350 - spartial data structure\cs350_assignment2\release\simplexnoise.obj
c:\sandbox\digipen_portfolio\year 2\trimester 3\cs350 - spartial data structure\cs350_assignment2\release\shapes.obj
c:\sandbox\digipen_portfolio\year 2\trimester 3\cs350 - spartial data structure\cs350_assignment2\release\shader.obj
c:\sandbox\digipen_portfolio\year 2\trimester 3\cs350 - spartial data structure\cs350_assignment2\release\scene.obj
c:\sandbox\digipen_portfolio\year 2\trimester 3\cs350 - spartial data structure\cs350_assignment2\release\object.obj
c:\sandbox\digipen_portfolio\year 2\trimester 3\cs350 - spartial data structure\cs350_assignment2\release\interact.obj
c:\sandbox\digipen_portfolio\year 2\trimester 3\cs350 - spartial data structure\cs350_assignment2\release\imgui_widgets.obj
c:\sandbox\digipen_portfolio\year 2\trimester 3\cs350 - spartial data structure\cs350_assignment2\release\imgui_draw.obj
c:\sandbox\digipen_portfolio\year 2\trimester 3\cs350 - spartial data structure\cs350_assignment2\release\imgui_demo.obj
c:\sandbox\digipen_portfolio\year 2\trimester 3\cs350 - spartial data structure\cs350_assignment2\release\imgui.obj
c:\sandbox\digipen_portfolio\year 2\trimester 3\cs350 - spartial data structure\cs350_assignment2\release\imgui_impl_opengl3.obj
c:\sandbox\digipen_portfolio\year 2\trimester 3\cs350 - spartial data structure\cs350_assignment2\release\imgui_impl_glfw.obj
c:\sandbox\digipen_portfolio\year 2\trimester 3\cs350 - spartial data structure\cs350_assignment2\release\geomlib-advanced.obj
c:\sandbox\digipen_portfolio\year 2\trimester 3\cs350 - spartial data structure\cs350_assignment2\release\framework.obj
c:\sandbox\digipen_portfolio\year 2\trimester 3\cs350 - spartial data structure\cs350_assignment2\release\fbo.obj
c:\sandbox\digipen_portfolio\year 2\trimester 3\cs350 - spartial data structure\cs350_assignment3\release\vc142.pdb
c:\sandbox\digipen_portfolio\year 2\trimester 3\cs350 - spartial data structure\cs350_assignment3\release\transform.obj
c:\sandbox\digipen_portfolio\year 2\trimester 3\cs350 - spartial data structure\cs350_assignment3\release\texture.obj
c:\sandbox\digipen_portfolio\year 2\trimester 3\cs350 - spartial data structure\cs350_assignment3\release\simplexnoise.obj
c:\sandbox\digipen_portfolio\year 2\trimester 3\cs350 - spartial data structure\cs350_assignment3\release\shapes.obj
c:\sandbox\digipen_portfolio\year 2\trimester 3\cs350 - spartial data structure\cs350_assignment3\release\shader.obj
c:\sandbox\digipen_portfolio\year 2\trimester 3\cs350 - spartial data structure\cs350_assignment3\release\scene.obj
c:\sandbox\digipen_portfolio\year 2\trimester 3\cs350 - spartial data structure\cs350_assignment3\release\object.obj
c:\sandbox\digipen_portfolio\year 2\trimester 3\cs350 - spartial data structure\cs350_assignment3\release\interact.obj
c:\sandbox\digipen_portfolio\year 2\trimester 3\cs350 - spartial data structure\cs350_assignment3\release\imgui_widgets.obj
c:\sandbox\digipen_portfolio\year 2\trimester 3\cs350 - spartial data structure\cs350_assignment3\release\imgui_draw.obj
c:\sandbox\digipen_portfolio\year 2\trimester 3\cs350 - spartial data structure\cs350_assignment3\release\imgui_demo.obj
c:\sandbox\digipen_portfolio\year 2\trimester 3\cs350 - spartial data structure\cs350_assignment3\release\imgui.obj
c:\sandbox\digipen_portfolio\year 2\trimester 3\cs350 - spartial data structure\cs350_assignment3\release\imgui_impl_opengl3.obj
c:\sandbox\digipen_portfolio\year 2\trimester 3\cs350 - spartial data structure\cs350_assignment3\release\imgui_impl_glfw.obj
c:\sandbox\digipen_portfolio\year 2\trimester 3\cs350 - spartial data structure\cs350_assignment3\release\geomlib-advanced.obj
c:\sandbox\digipen_portfolio\year 2\trimester 3\cs350 - spartial data structure\cs350_assignment3\release\framework.obj
c:\sandbox\digipen_portfolio\year 2\trimester 3\cs350 - spartial data structure\cs350_assignment3\release\fbo.obj
c:\sandbox\digipen_portfolio\year 2\trimester 3\cs350 - spartial data structure\cs350_assignment2\release\framework.ipdb
c:\sandbox\digipen_portfolio\year 2\trimester 3\cs350 - spartial data structure\cs350_assignment2\release\framework.iobj
c:\sandbox\digipen_portfolio\year 2\trimester 3\cs350 - spartial data structure\cs350_assignment3\release\framework.ipdb
c:\sandbox\digipen_portfolio\year 2\trimester 3\cs350 - spartial data structure\cs350_assignment3\release\framework.iobj
c:\sandbox\digipen_portfolio\year 2\trimester 3\cs350 - spartial data structure\cs350_assignment2\release\framework.exe
c:\sandbox\digipen_portfolio\year 2\trimester 3\cs350 - spartial data structure\cs350_assignment2\release\framework.pdb
c:\sandbox\digipen_portfolio\year 2\trimester 3\cs350 - spartial data structure\cs350_assignment3\release\framework.pdb
c:\sandbox\digipen_portfolio\year 2\trimester 3\cs350 - spartial data structure\cs350_assignment3\release\framework.tlog\cl.command.1.tlog
c:\sandbox\digipen_portfolio\year 2\trimester 3\cs350 - spartial data structure\cs350_assignment3\release\framework.tlog\cl.read.1.tlog
c:\sandbox\digipen_portfolio\year 2\trimester 3\cs350 - spartial data structure\cs350_assignment3\release\framework.tlog\cl.write.1.tlog
c:\sandbox\digipen_portfolio\year 2\trimester 3\cs350 - spartial data structure\cs350_assignment3\release\framework.tlog\framework.write.1u.tlog
c:\sandbox\digipen_portfolio\year 2\trimester 3\cs350 - spartial data structure\cs350_assignment3\release\framework.tlog\link.command.1.tlog
c:\sandbox\digipen_portfolio\year 2\trimester 3\cs350 - spartial data structure\cs350_assignment3\release\framework.tlog\link.read.1.tlog
c:\sandbox\digipen_portfolio\year 2\trimester 3\cs350 - spartial data structure\cs350_assignment3\release\framework.tlog\link.write.1.tlog
