  framework.cpp
  interact.cpp
C:\sandbox\digipen_portfolio\Year 2\Trimester 3\CS350 - Spartial Data Structure\cs350_assignment3\interact.cpp(102,12): warning C4244: 'initializing': conversion from 'double' to 'int', possible loss of data
C:\sandbox\digipen_portfolio\Year 2\Trimester 3\CS350 - Spartial Data Structure\cs350_assignment3\interact.cpp(103,12): warning C4244: 'initializing': conversion from 'double' to 'int', possible loss of data
C:\sandbox\digipen_portfolio\Year 2\Trimester 3\CS350 - Spartial Data Structure\cs350_assignment3\interact.cpp(106,34): warning C4244: '+=': conversion from 'double' to 'float', possible loss of data
C:\sandbox\digipen_portfolio\Year 2\Trimester 3\CS350 - Spartial Data Structure\cs350_assignment3\interact.cpp(107,34): warning C4244: '-=': conversion from 'double' to 'float', possible loss of data
C:\sandbox\digipen_portfolio\Year 2\Trimester 3\CS350 - Spartial Data Structure\cs350_assignment3\interact.cpp(111,29): warning C4244: '+=': conversion from 'double' to 'float', possible loss of data
C:\sandbox\digipen_portfolio\Year 2\Trimester 3\CS350 - Spartial Data Structure\cs350_assignment3\interact.cpp(112,29): warning C4244: '+=': conversion from 'double' to 'float', possible loss of data
C:\sandbox\digipen_portfolio\Year 2\Trimester 3\CS350 - Spartial Data Structure\cs350_assignment3\interact.cpp(142,17): warning C4244: 'initializing': conversion from 'double' to 'float', possible loss of data
  object.cpp
C:\sandbox\digipen_portfolio\Year 2\Trimester 3\CS350 - Spartial Data Structure\cs350_assignment3\object.cpp(84,21): warning C4018: '<': signed/unsigned mismatch
  scene.cpp
C:\sandbox\digipen_portfolio\Year 2\Trimester 3\CS350 - Spartial Data Structure\cs350_assignment3\scene.cpp(56,28): warning C4305: 'initializing': truncation from 'double' to 'float'
C:\sandbox\digipen_portfolio\Year 2\Trimester 3\CS350 - Spartial Data Structure\cs350_assignment3\scene.cpp(57,35): warning C4305: 'initializing': truncation from 'double' to 'float'
C:\sandbox\digipen_portfolio\Year 2\Trimester 3\CS350 - Spartial Data Structure\cs350_assignment3\scene.cpp(112,25): warning C4244: '=': conversion from 'double' to 'float', possible loss of data
C:\sandbox\digipen_portfolio\Year 2\Trimester 3\CS350 - Spartial Data Structure\cs350_assignment3\scene.cpp(117,10): warning C4305: '=': truncation from 'double' to 'float'
C:\sandbox\digipen_portfolio\Year 2\Trimester 3\CS350 - Spartial Data Structure\cs350_assignment3\scene.cpp(178,36): warning C4244: 'argument': conversion from 'double' to 'const float', possible loss of data
C:\sandbox\digipen_portfolio\Year 2\Trimester 3\CS350 - Spartial Data Structure\cs350_assignment3\scene.cpp(179,12): warning C4244: 'initializing': conversion from 'double' to 'float', possible loss of data
C:\sandbox\digipen_portfolio\Year 2\Trimester 3\CS350 - Spartial Data Structure\cs350_assignment3\scene.cpp(180,12): warning C4244: 'initializing': conversion from 'double' to 'float', possible loss of data
C:\sandbox\digipen_portfolio\Year 2\Trimester 3\CS350 - Spartial Data Structure\cs350_assignment3\scene.cpp(186,50): warning C4244: '=': conversion from 'double' to 'T', possible loss of data
          with
          [
              T=float
          ]
C:\sandbox\digipen_portfolio\Year 2\Trimester 3\CS350 - Spartial Data Structure\cs350_assignment3\scene.cpp(360,12): warning C4244: 'initializing': conversion from 'double' to 'float', possible loss of data
C:\sandbox\digipen_portfolio\Year 2\Trimester 3\CS350 - Spartial Data Structure\cs350_assignment3\scene.cpp(389,54): warning C4244: '=': conversion from 'double' to 'T', possible loss of data
          with
          [
              T=float
          ]
  Generating code
  15 of 2475 functions ( 0.6%) were compiled, the rest were copied from previous compilation.
    1 functions were new in current compilation
    35 functions had inline decision re-evaluated but remain unchanged
  Finished generating code
  framework.vcxproj -> C:\sandbox\digipen_portfolio\Year 2\Trimester 3\CS350 - Spartial Data Structure\cs350_assignment3\Release\framework.exe
  0 File(s) copied
